CRITICAL - 2025-07-21 00:52:06 --> Error: Undefined constant "App\Controllers\SecurityMonitoring\KEY_JWT"
[Method: GET, Route: habilidade/anonymous/api/obsolete]
in APPPATH/Controllers/SecurityMonitoring/ApiController.php on line 226.
 1 SYSTEMPATH/CodeIgniter.php(933): App\Controllers\SecurityMonitoring\ApiController->foolishness()
 2 SYSTEMPATH/CodeIgniter.php(507): CodeIgniter\CodeIgniter->runController(Object(App\Controllers\SecurityMonitoring\ApiController))
 3 SYSTEMPATH/CodeIgniter.php(354): CodeIgniter\CodeIgniter->handleRequest(null, Object(Config\Cache), false)
 4 SYSTEMPATH/Boot.php(334): CodeIgniter\CodeIgniter->run()
 5 SYSTEMPATH/Boot.php(67): CodeIgniter\Boot::runCodeIgniter(Object(CodeIgniter\CodeIgniter))
 6 FCPATH/index.php(59): CodeIgniter\Boot::bootWeb(Object(Config\Paths))
CRITICAL - 2025-07-21 00:52:38 --> Error: Undefined constant "App\Controllers\SecurityMonitoring\KEY_JWT"
[Method: GET, Route: habilidade/anonymous/api/obsolete]
in APPPATH/Controllers/SecurityMonitoring/ApiController.php on line 226.
 1 SYSTEMPATH/CodeIgniter.php(933): App\Controllers\SecurityMonitoring\ApiController->foolishness()
 2 SYSTEMPATH/CodeIgniter.php(507): CodeIgniter\CodeIgniter->runController(Object(App\Controllers\SecurityMonitoring\ApiController))
 3 SYSTEMPATH/CodeIgniter.php(354): CodeIgniter\CodeIgniter->handleRequest(null, Object(Config\Cache), false)
 4 SYSTEMPATH/Boot.php(334): CodeIgniter\CodeIgniter->run()
 5 SYSTEMPATH/Boot.php(67): CodeIgniter\Boot::runCodeIgniter(Object(CodeIgniter\CodeIgniter))
 6 FCPATH/index.php(59): CodeIgniter\Boot::bootWeb(Object(Config\Paths))
CRITICAL - 2025-07-21 00:54:21 --> TypeError: App\Controllers\SecurityMonitoring\ApiController::setApiRespond(): Argument #3 ($requestDb) must be of type array, string given, called in /var/www/html/src/app/Controllers/SecurityMonitoring/ApiController.php on line 231
[Method: GET, Route: habilidade/anonymous/api/obsolete]
in APPPATH/Controllers/SecurityMonitoring/ApiController.php on line 48.
 1 APPPATH/Controllers/SecurityMonitoring/ApiController.php(231): App\Controllers\SecurityMonitoring\ApiController->setApiRespond('success', 'GET', 'eyJ0eXAiOiJKV1QiLCJhbGciOiJIUzI1NiJ9.eyJpc3MiOiJodHRwOi8vMTI3LjAuMC4xOjU2MDAwL3NyYy9wdWJsaWMvIiwiYXVkIjoiaHR0cDovLzEyNy4wLjAuMTo1NjAwMC9zcmMvcHVibGljLyIsImlhdCI6MTc1MzA1OTI2MSwiZXhwIjoxOTA4NTc5MjYxLCJkYXRhIjp7InVzZXJJZCI6ImZpYXB0cGEiLCJlbWFpbCI6Imdmc0Bwcm9kZXJqLnJqLmdvdi5iciJ9fQ.rlVw_8JKTU1utWH5jfDtMvP9K6H8eTqT-EosMNBhPQU')
 2 SYSTEMPATH/CodeIgniter.php(933): App\Controllers\SecurityMonitoring\ApiController->foolishness()
 3 SYSTEMPATH/CodeIgniter.php(507): CodeIgniter\CodeIgniter->runController(Object(App\Controllers\SecurityMonitoring\ApiController))
 4 SYSTEMPATH/CodeIgniter.php(354): CodeIgniter\CodeIgniter->handleRequest(null, Object(Config\Cache), false)
 5 SYSTEMPATH/Boot.php(334): CodeIgniter\CodeIgniter->run()
 6 SYSTEMPATH/Boot.php(67): CodeIgniter\Boot::runCodeIgniter(Object(CodeIgniter\CodeIgniter))
 7 FCPATH/index.php(59): CodeIgniter\Boot::bootWeb(Object(Config\Paths))
CRITICAL - 2025-07-21 01:14:29 --> Error: Class "App\Filters\PtpaJwtFilter" not found
[Method: GET, Route: habilidade/anonymous/api/obsolete]
in SYSTEMPATH/Filters/Filters.php on line 299.
 1 SYSTEMPATH/Filters/Filters.php(239): CodeIgniter\Filters\Filters->createFilter('App\\Filters\\PtpaJwtFilter')
 2 SYSTEMPATH/Filters/Filters.php(221): CodeIgniter\Filters\Filters->runBefore([...])
 3 SYSTEMPATH/CodeIgniter.php(479): CodeIgniter\Filters\Filters->run('habilidade/anonymous/api/obsolete', 'before')
 4 SYSTEMPATH/CodeIgniter.php(354): CodeIgniter\CodeIgniter->handleRequest(null, Object(Config\Cache), false)
 5 SYSTEMPATH/Boot.php(334): CodeIgniter\CodeIgniter->run()
 6 SYSTEMPATH/Boot.php(67): CodeIgniter\Boot::runCodeIgniter(Object(CodeIgniter\CodeIgniter))
 7 FCPATH/index.php(59): CodeIgniter\Boot::bootWeb(Object(Config\Paths))
CRITICAL - 2025-07-21 01:14:47 --> Error: Class "App\Filters\PtpaJwtFilter" not found
[Method: GET, Route: habilidade/anonymous/api/obsolete]
in SYSTEMPATH/Filters/Filters.php on line 299.
 1 SYSTEMPATH/Filters/Filters.php(239): CodeIgniter\Filters\Filters->createFilter('App\\Filters\\PtpaJwtFilter')
 2 SYSTEMPATH/Filters/Filters.php(221): CodeIgniter\Filters\Filters->runBefore([...])
 3 SYSTEMPATH/CodeIgniter.php(479): CodeIgniter\Filters\Filters->run('habilidade/anonymous/api/obsolete', 'before')
 4 SYSTEMPATH/CodeIgniter.php(354): CodeIgniter\CodeIgniter->handleRequest(null, Object(Config\Cache), false)
 5 SYSTEMPATH/Boot.php(334): CodeIgniter\CodeIgniter->run()
 6 SYSTEMPATH/Boot.php(67): CodeIgniter\Boot::runCodeIgniter(Object(CodeIgniter\CodeIgniter))
 7 FCPATH/index.php(59): CodeIgniter\Boot::bootWeb(Object(Config\Paths))
CRITICAL - 2025-07-21 01:15:12 --> Error: Undefined constant "DEBUG_MY_PRINT"
[Method: GET, Route: habilidade/anonymous/api/obsolete]
in APPPATH/Helpers/myPrint_helper.php on line 18.
 1 APPPATH/Filters/JwtFilter.php(25): myPrint([...], 'src\\app\\Filters\\EprocMniJwtFilter.php')
 2 SYSTEMPATH/Filters/Filters.php(241): App\Filters\JwtFilter->before(Object(CodeIgniter\HTTP\IncomingRequest), null)
 3 SYSTEMPATH/Filters/Filters.php(221): CodeIgniter\Filters\Filters->runBefore([...])
 4 SYSTEMPATH/CodeIgniter.php(479): CodeIgniter\Filters\Filters->run('habilidade/anonymous/api/obsolete', 'before')
 5 SYSTEMPATH/CodeIgniter.php(354): CodeIgniter\CodeIgniter->handleRequest(null, Object(Config\Cache), false)
 6 SYSTEMPATH/Boot.php(334): CodeIgniter\CodeIgniter->run()
 7 SYSTEMPATH/Boot.php(67): CodeIgniter\Boot::runCodeIgniter(Object(CodeIgniter\CodeIgniter))
 8 FCPATH/index.php(59): CodeIgniter\Boot::bootWeb(Object(Config\Paths))
CRITICAL - 2025-07-21 01:17:16 --> Error: Undefined constant "DEBUG_MY_PRINT"
[Method: GET, Route: habilidade/anonymous/api/obsolete]
in APPPATH/Helpers/myPrint_helper.php on line 18.
 1 APPPATH/Filters/JwtFilter.php(25): myPrint([...], 'src\\app\\Filters\\EprocMniJwtFilter.php')
 2 SYSTEMPATH/Filters/Filters.php(241): App\Filters\JwtFilter->before(Object(CodeIgniter\HTTP\IncomingRequest), null)
 3 SYSTEMPATH/Filters/Filters.php(221): CodeIgniter\Filters\Filters->runBefore([...])
 4 SYSTEMPATH/CodeIgniter.php(479): CodeIgniter\Filters\Filters->run('habilidade/anonymous/api/obsolete', 'before')
 5 SYSTEMPATH/CodeIgniter.php(354): CodeIgniter\CodeIgniter->handleRequest(null, Object(Config\Cache), false)
 6 SYSTEMPATH/Boot.php(334): CodeIgniter\CodeIgniter->run()
 7 SYSTEMPATH/Boot.php(67): CodeIgniter\Boot::runCodeIgniter(Object(CodeIgniter\CodeIgniter))
 8 FCPATH/index.php(59): CodeIgniter\Boot::bootWeb(Object(Config\Paths))
